<?xml version="1.0" encoding="UTF-8"?>
<!-- Generated by org.testng.reporters.JUnitReportReporter -->
<testsuite skipped="0" hostname="DESKTOP-ULFBLCU" name="script.LoginFlipkart" tests="1" failures="0" timestamp="2021-03-29T16:05:24 IST" time="10.650" errors="0">
  <testcase name="login" time="10.650" classname="script.LoginFlipkart"/>
  <system-out/>
</testsuite> <!-- script.LoginFlipkart -->
