<?xml version="1.0" encoding="UTF-8"?>
<!-- Generated by org.testng.reporters.JUnitReportReporter -->
<testsuite hostname="DESKTOP-ULFBLCU" failures="0" tests="1" name="script.LoginFlipkart" time="9.462" errors="0" timestamp="2021-07-26T18:51:14 IST" skipped="0">
  <testcase classname="script.LoginFlipkart" name="login" time="9.462"/>
  <system-out/>
</testsuite> <!-- script.LoginFlipkart -->
